<?xml version="1.0" encoding="UTF-8"?>
<!-- Generated by org.testng.reporters.JUnitXMLReporter -->
<testsuite ignored="0" hostname="DESKTOP-LAU5NVB" failures="0" tests="3" name="Default test" time="24.993" errors="0" timestamp="2025-05-28T13:19:01 WIB">
  <testcase classname="com.test.OrangeHRMTest" name="loginToApplication" time="6.013"/>
  <testcase classname="com.test.OrangeHRMTest" name="searchAdmin" time="7.166"/>
  <testcase classname="com.test.OrangeHRMTest" name="logout" time="3.506"/>
</testsuite> <!-- Default test -->
