<?xml version="1.0" encoding="UTF-8"?>
<!-- Generated by org.testng.reporters.JUnitXMLReporter -->
<testsuite ignored="0" hostname="DESKTOP-LAU5NVB" failures="0" tests="3" name="Test" time="16.956" errors="0" timestamp="2025-05-26T22:47:39 WIB">
  <testcase classname="com.test.OrangeHRMTest" name="loginToApplication" time="5.493"/>
  <testcase classname="com.test.OrangeHRMTest" name="searchAdmin" time="7.95"/>
  <testcase classname="com.test.OrangeHRMTest" name="logout" time="1.502"/>
</testsuite> <!-- Test -->
