<?xml version="1.0" encoding="UTF-8"?>
<testng-results ignored="0" total="3" passed="3" failed="0" skipped="0">
  <reporter-output>
  </reporter-output>
  <suite started-at="2025-05-26T22:47:22 WIB" name="Suite" finished-at="2025-05-26T22:47:39 WIB" duration-ms="16956">
    <groups>
    </groups>
    <test started-at="2025-05-26T22:47:22 WIB" name="Test" finished-at="2025-05-26T22:47:39 WIB" duration-ms="16956">
      <class name="com.test.OrangeHRMTest">
        <test-method is-config="true" signature="setUp()[pri:0, instance:com.test.OrangeHRMTest@a514af7]" started-at="2025-05-26T22:47:22 WIB" name="setUp" finished-at="2025-05-26T22:47:24 WIB" duration-ms="1773" status="PASS">
          <reporter-output>
          </reporter-output>
        </test-method> <!-- setUp -->
        <test-method signature="loginToApplication()[pri:1, instance:com.test.OrangeHRMTest@a514af7]" started-at="2025-05-26T22:47:24 WIB" name="loginToApplication" finished-at="2025-05-26T22:47:30 WIB" duration-ms="5493" status="PASS">
          <reporter-output>
          </reporter-output>
        </test-method> <!-- loginToApplication -->
        <test-method signature="searchAdmin()[pri:2, instance:com.test.OrangeHRMTest@a514af7]" started-at="2025-05-26T22:47:30 WIB" name="searchAdmin" finished-at="2025-05-26T22:47:38 WIB" duration-ms="7950" status="PASS">
          <reporter-output>
          </reporter-output>
        </test-method> <!-- searchAdmin -->
        <test-method signature="logout()[pri:3, instance:com.test.OrangeHRMTest@a514af7]" started-at="2025-05-26T22:47:38 WIB" name="logout" finished-at="2025-05-26T22:47:39 WIB" duration-ms="1502" status="PASS">
          <reporter-output>
          </reporter-output>
        </test-method> <!-- logout -->
        <test-method is-config="true" signature="closeBrowser()[pri:0, instance:com.test.OrangeHRMTest@a514af7]" started-at="2025-05-26T22:47:39 WIB" name="closeBrowser" finished-at="2025-05-26T22:47:39 WIB" duration-ms="181" status="PASS">
          <reporter-output>
          </reporter-output>
        </test-method> <!-- closeBrowser -->
      </class> <!-- com.test.OrangeHRMTest -->
    </test> <!-- Test -->
  </suite> <!-- Suite -->
</testng-results>
