<?xml version="1.0" encoding="UTF-8"?>
<testng-results ignored="0" total="2" passed="2" failed="0" skipped="0">
  <reporter-output>
  </reporter-output>
  <suite started-at="2025-05-31T21:44:48 WIB" name="Suite" finished-at="2025-05-31T21:45:07 WIB" duration-ms="19108">
    <groups>
    </groups>
    <test started-at="2025-05-31T21:44:48 WIB" name="Test" finished-at="2025-05-31T21:45:07 WIB" duration-ms="19108">
      <class name="com.orange.hrm.test.LoginTest">
        <test-method is-config="true" signature="setUp()[pri:0, instance:com.orange.hrm.test.LoginTest@1aafa419]" started-at="2025-05-31T21:44:48 WIB" name="setUp" finished-at="2025-05-31T21:44:57 WIB" duration-ms="8214" status="PASS">
          <reporter-output>
          </reporter-output>
        </test-method> <!-- setUp -->
        <test-method signature="loginWithValidData()[pri:0, instance:com.orange.hrm.test.LoginTest@1aafa419]" started-at="2025-05-31T21:44:57 WIB" name="loginWithValidData" finished-at="2025-05-31T21:44:57 WIB" duration-ms="642" status="PASS">
          <reporter-output>
          </reporter-output>
        </test-method> <!-- loginWithValidData -->
        <test-method is-config="true" signature="tearDown()[pri:0, instance:com.orange.hrm.test.LoginTest@1aafa419]" started-at="2025-05-31T21:44:57 WIB" name="tearDown" finished-at="2025-05-31T21:44:57 WIB" duration-ms="176" status="PASS">
          <reporter-output>
          </reporter-output>
        </test-method> <!-- tearDown -->
      </class> <!-- com.orange.hrm.test.LoginTest -->
      <class name="com.orange.hrm.test.HomePageTest">
        <test-method is-config="true" signature="setUp()[pri:0, instance:com.orange.hrm.test.HomePageTest@327514f]" started-at="2025-05-31T21:44:57 WIB" name="setUp" finished-at="2025-05-31T21:45:02 WIB" duration-ms="4393" status="PASS">
          <reporter-output>
          </reporter-output>
        </test-method> <!-- setUp -->
        <test-method signature="logout()[pri:0, instance:com.orange.hrm.test.HomePageTest@327514f]" started-at="2025-05-31T21:45:02 WIB" name="logout" finished-at="2025-05-31T21:45:07 WIB" duration-ms="5473" status="PASS">
          <reporter-output>
          </reporter-output>
        </test-method> <!-- logout -->
        <test-method is-config="true" signature="tearDown()[pri:0, instance:com.orange.hrm.test.HomePageTest@327514f]" started-at="2025-05-31T21:45:07 WIB" name="tearDown" finished-at="2025-05-31T21:45:07 WIB" duration-ms="153" status="PASS">
          <reporter-output>
          </reporter-output>
        </test-method> <!-- tearDown -->
      </class> <!-- com.orange.hrm.test.HomePageTest -->
    </test> <!-- Test -->
  </suite> <!-- Suite -->
</testng-results>
